CRITICAL - 2022-03-16 00:00:39 --> Class "Config\Route" not found
#0 C:\xampp1\htdocs\codeigniter4-CodeIgniter4-202f41a\system\CodeIgniter.php(713): require()
#1 C:\xampp1\htdocs\codeigniter4-CodeIgniter4-202f41a\system\CodeIgniter.php(368): CodeIgniter\CodeIgniter->tryToRouteIt(Object(CodeIgniter\Router\RouteCollection))
#2 C:\xampp1\htdocs\codeigniter4-CodeIgniter4-202f41a\system\CodeIgniter.php(326): CodeIgniter\CodeIgniter->handleRequest(NULL, Object(Config\Cache), false)
#3 C:\xampp1\htdocs\codeigniter4-CodeIgniter4-202f41a\public\index.php(37): CodeIgniter\CodeIgniter->run()
#4 C:\xampp1\htdocs\codeigniter4-CodeIgniter4-202f41a\system\Commands\Server\rewrite.php(43): require_once('C:\\xampp1\\htdoc...')
#5 {main}
CRITICAL - 2022-03-16 00:00:40 --> Class "Config\Route" not found
#0 C:\xampp1\htdocs\codeigniter4-CodeIgniter4-202f41a\system\CodeIgniter.php(713): require()
#1 C:\xampp1\htdocs\codeigniter4-CodeIgniter4-202f41a\system\CodeIgniter.php(368): CodeIgniter\CodeIgniter->tryToRouteIt(Object(CodeIgniter\Router\RouteCollection))
#2 C:\xampp1\htdocs\codeigniter4-CodeIgniter4-202f41a\system\CodeIgniter.php(326): CodeIgniter\CodeIgniter->handleRequest(NULL, Object(Config\Cache), false)
#3 C:\xampp1\htdocs\codeigniter4-CodeIgniter4-202f41a\public\index.php(37): CodeIgniter\CodeIgniter->run()
#4 C:\xampp1\htdocs\codeigniter4-CodeIgniter4-202f41a\system\Commands\Server\rewrite.php(43): require_once('C:\\xampp1\\htdoc...')
#5 {main}
CRITICAL - 2022-03-16 00:00:41 --> Class "Config\Route" not found
#0 C:\xampp1\htdocs\codeigniter4-CodeIgniter4-202f41a\system\CodeIgniter.php(713): require()
#1 C:\xampp1\htdocs\codeigniter4-CodeIgniter4-202f41a\system\CodeIgniter.php(368): CodeIgniter\CodeIgniter->tryToRouteIt(Object(CodeIgniter\Router\RouteCollection))
#2 C:\xampp1\htdocs\codeigniter4-CodeIgniter4-202f41a\system\CodeIgniter.php(326): CodeIgniter\CodeIgniter->handleRequest(NULL, Object(Config\Cache), false)
#3 C:\xampp1\htdocs\codeigniter4-CodeIgniter4-202f41a\public\index.php(37): CodeIgniter\CodeIgniter->run()
#4 C:\xampp1\htdocs\codeigniter4-CodeIgniter4-202f41a\system\Commands\Server\rewrite.php(43): require_once('C:\\xampp1\\htdoc...')
#5 {main}
CRITICAL - 2022-03-16 00:01:36 --> Non-static method CodeIgniter\Router\RouteCollection::get() cannot be called statically
#0 C:\xampp1\htdocs\codeigniter4-CodeIgniter4-202f41a\system\CodeIgniter.php(713): require()
#1 C:\xampp1\htdocs\codeigniter4-CodeIgniter4-202f41a\system\CodeIgniter.php(368): CodeIgniter\CodeIgniter->tryToRouteIt(Object(CodeIgniter\Router\RouteCollection))
#2 C:\xampp1\htdocs\codeigniter4-CodeIgniter4-202f41a\system\CodeIgniter.php(326): CodeIgniter\CodeIgniter->handleRequest(NULL, Object(Config\Cache), false)
#3 C:\xampp1\htdocs\codeigniter4-CodeIgniter4-202f41a\public\index.php(37): CodeIgniter\CodeIgniter->run()
#4 C:\xampp1\htdocs\codeigniter4-CodeIgniter4-202f41a\system\Commands\Server\rewrite.php(43): require_once('C:\\xampp1\\htdoc...')
#5 {main}
CRITICAL - 2022-03-16 00:01:37 --> Non-static method CodeIgniter\Router\RouteCollection::get() cannot be called statically
#0 C:\xampp1\htdocs\codeigniter4-CodeIgniter4-202f41a\system\CodeIgniter.php(713): require()
#1 C:\xampp1\htdocs\codeigniter4-CodeIgniter4-202f41a\system\CodeIgniter.php(368): CodeIgniter\CodeIgniter->tryToRouteIt(Object(CodeIgniter\Router\RouteCollection))
#2 C:\xampp1\htdocs\codeigniter4-CodeIgniter4-202f41a\system\CodeIgniter.php(326): CodeIgniter\CodeIgniter->handleRequest(NULL, Object(Config\Cache), false)
#3 C:\xampp1\htdocs\codeigniter4-CodeIgniter4-202f41a\public\index.php(37): CodeIgniter\CodeIgniter->run()
#4 C:\xampp1\htdocs\codeigniter4-CodeIgniter4-202f41a\system\Commands\Server\rewrite.php(43): require_once('C:\\xampp1\\htdoc...')
#5 {main}
CRITICAL - 2022-03-16 00:02:36 --> Class "App\Controllers\BaseSController" not found
#0 C:\xampp1\htdocs\codeigniter4-CodeIgniter4-202f41a\system\Autoloader\Autoloader.php(264): include_once()
#1 C:\xampp1\htdocs\codeigniter4-CodeIgniter4-202f41a\system\Autoloader\Autoloader.php(241): CodeIgniter\Autoloader\Autoloader->includeFile('C:\\xampp1\\htdoc...')
#2 C:\xampp1\htdocs\codeigniter4-CodeIgniter4-202f41a\system\Autoloader\Autoloader.php(219): CodeIgniter\Autoloader\Autoloader->loadInNamespace('App\\Controllers...')
#3 [internal function]: CodeIgniter\Autoloader\Autoloader->loadClass('App\\Controllers...')
#4 C:\xampp1\htdocs\codeigniter4-CodeIgniter4-202f41a\system\CodeIgniter.php(797): class_exists('\\App\\Controller...', true)
#5 C:\xampp1\htdocs\codeigniter4-CodeIgniter4-202f41a\system\CodeIgniter.php(406): CodeIgniter\CodeIgniter->startController()
#6 C:\xampp1\htdocs\codeigniter4-CodeIgniter4-202f41a\system\CodeIgniter.php(326): CodeIgniter\CodeIgniter->handleRequest(NULL, Object(Config\Cache), false)
#7 C:\xampp1\htdocs\codeigniter4-CodeIgniter4-202f41a\public\index.php(37): CodeIgniter\CodeIgniter->run()
#8 C:\xampp1\htdocs\codeigniter4-CodeIgniter4-202f41a\system\Commands\Server\rewrite.php(43): require_once('C:\\xampp1\\htdoc...')
#9 {main}
CRITICAL - 2022-03-16 00:12:33 --> Class "App\Controllers\BaseSController" not found
#0 C:\xampp1\htdocs\codeigniter4-CodeIgniter4-202f41a\system\Autoloader\Autoloader.php(264): include_once()
#1 C:\xampp1\htdocs\codeigniter4-CodeIgniter4-202f41a\system\Autoloader\Autoloader.php(241): CodeIgniter\Autoloader\Autoloader->includeFile('C:\\xampp1\\htdoc...')
#2 C:\xampp1\htdocs\codeigniter4-CodeIgniter4-202f41a\system\Autoloader\Autoloader.php(219): CodeIgniter\Autoloader\Autoloader->loadInNamespace('App\\Controllers...')
#3 [internal function]: CodeIgniter\Autoloader\Autoloader->loadClass('App\\Controllers...')
#4 C:\xampp1\htdocs\codeigniter4-CodeIgniter4-202f41a\system\CodeIgniter.php(797): class_exists('\\App\\Controller...', true)
#5 C:\xampp1\htdocs\codeigniter4-CodeIgniter4-202f41a\system\CodeIgniter.php(406): CodeIgniter\CodeIgniter->startController()
#6 C:\xampp1\htdocs\codeigniter4-CodeIgniter4-202f41a\system\CodeIgniter.php(326): CodeIgniter\CodeIgniter->handleRequest(NULL, Object(Config\Cache), false)
#7 C:\xampp1\htdocs\codeigniter4-CodeIgniter4-202f41a\public\index.php(37): CodeIgniter\CodeIgniter->run()
#8 C:\xampp1\htdocs\codeigniter4-CodeIgniter4-202f41a\system\Commands\Server\rewrite.php(43): require_once('C:\\xampp1\\htdoc...')
#9 {main}
CRITICAL - 2022-03-16 00:12:52 --> Undefined property: App\Controllers\Register::$register_model
#0 C:\xampp1\htdocs\codeigniter4-CodeIgniter4-202f41a\app\Controllers\Register.php(18): CodeIgniter\Debug\Exceptions->errorHandler(2, 'Undefined prope...', 'C:\\xampp1\\htdoc...', 18)
#1 C:\xampp1\htdocs\codeigniter4-CodeIgniter4-202f41a\system\CodeIgniter.php(832): App\Controllers\Register->index()
#2 C:\xampp1\htdocs\codeigniter4-CodeIgniter4-202f41a\system\CodeIgniter.php(419): CodeIgniter\CodeIgniter->runController(Object(App\Controllers\Register))
#3 C:\xampp1\htdocs\codeigniter4-CodeIgniter4-202f41a\system\CodeIgniter.php(326): CodeIgniter\CodeIgniter->handleRequest(NULL, Object(Config\Cache), false)
#4 C:\xampp1\htdocs\codeigniter4-CodeIgniter4-202f41a\public\index.php(37): CodeIgniter\CodeIgniter->run()
#5 C:\xampp1\htdocs\codeigniter4-CodeIgniter4-202f41a\system\Commands\Server\rewrite.php(43): require_once('C:\\xampp1\\htdoc...')
#6 {main}
CRITICAL - 2022-03-16 00:13:31 --> Undefined variable $register_model
#0 C:\xampp1\htdocs\codeigniter4-CodeIgniter4-202f41a\app\Controllers\Register.php(18): CodeIgniter\Debug\Exceptions->errorHandler(2, 'Undefined varia...', 'C:\\xampp1\\htdoc...', 18)
#1 C:\xampp1\htdocs\codeigniter4-CodeIgniter4-202f41a\system\CodeIgniter.php(832): App\Controllers\Register->index()
#2 C:\xampp1\htdocs\codeigniter4-CodeIgniter4-202f41a\system\CodeIgniter.php(419): CodeIgniter\CodeIgniter->runController(Object(App\Controllers\Register))
#3 C:\xampp1\htdocs\codeigniter4-CodeIgniter4-202f41a\system\CodeIgniter.php(326): CodeIgniter\CodeIgniter->handleRequest(NULL, Object(Config\Cache), false)
#4 C:\xampp1\htdocs\codeigniter4-CodeIgniter4-202f41a\public\index.php(37): CodeIgniter\CodeIgniter->run()
#5 C:\xampp1\htdocs\codeigniter4-CodeIgniter4-202f41a\system\Commands\Server\rewrite.php(43): require_once('C:\\xampp1\\htdoc...')
#6 {main}
CRITICAL - 2022-03-16 00:13:55 --> Undefined property: App\Controllers\Register::$register_model
#0 C:\xampp1\htdocs\codeigniter4-CodeIgniter4-202f41a\app\Controllers\Register.php(18): CodeIgniter\Debug\Exceptions->errorHandler(2, 'Undefined prope...', 'C:\\xampp1\\htdoc...', 18)
#1 C:\xampp1\htdocs\codeigniter4-CodeIgniter4-202f41a\system\CodeIgniter.php(832): App\Controllers\Register->index()
#2 C:\xampp1\htdocs\codeigniter4-CodeIgniter4-202f41a\system\CodeIgniter.php(419): CodeIgniter\CodeIgniter->runController(Object(App\Controllers\Register))
#3 C:\xampp1\htdocs\codeigniter4-CodeIgniter4-202f41a\system\CodeIgniter.php(326): CodeIgniter\CodeIgniter->handleRequest(NULL, Object(Config\Cache), false)
#4 C:\xampp1\htdocs\codeigniter4-CodeIgniter4-202f41a\public\index.php(37): CodeIgniter\CodeIgniter->run()
#5 C:\xampp1\htdocs\codeigniter4-CodeIgniter4-202f41a\system\Commands\Server\rewrite.php(43): require_once('C:\\xampp1\\htdoc...')
#6 {main}
CRITICAL - 2022-03-16 00:14:19 --> Undefined property: App\Controllers\Register::$Register_model
#0 C:\xampp1\htdocs\codeigniter4-CodeIgniter4-202f41a\app\Controllers\Register.php(18): CodeIgniter\Debug\Exceptions->errorHandler(2, 'Undefined prope...', 'C:\\xampp1\\htdoc...', 18)
#1 C:\xampp1\htdocs\codeigniter4-CodeIgniter4-202f41a\system\CodeIgniter.php(832): App\Controllers\Register->index()
#2 C:\xampp1\htdocs\codeigniter4-CodeIgniter4-202f41a\system\CodeIgniter.php(419): CodeIgniter\CodeIgniter->runController(Object(App\Controllers\Register))
#3 C:\xampp1\htdocs\codeigniter4-CodeIgniter4-202f41a\system\CodeIgniter.php(326): CodeIgniter\CodeIgniter->handleRequest(NULL, Object(Config\Cache), false)
#4 C:\xampp1\htdocs\codeigniter4-CodeIgniter4-202f41a\public\index.php(37): CodeIgniter\CodeIgniter->run()
#5 C:\xampp1\htdocs\codeigniter4-CodeIgniter4-202f41a\system\Commands\Server\rewrite.php(43): require_once('C:\\xampp1\\htdoc...')
#6 {main}
CRITICAL - 2022-03-16 00:14:20 --> Undefined property: App\Controllers\Register::$Register_model
#0 C:\xampp1\htdocs\codeigniter4-CodeIgniter4-202f41a\app\Controllers\Register.php(18): CodeIgniter\Debug\Exceptions->errorHandler(2, 'Undefined prope...', 'C:\\xampp1\\htdoc...', 18)
#1 C:\xampp1\htdocs\codeigniter4-CodeIgniter4-202f41a\system\CodeIgniter.php(832): App\Controllers\Register->index()
#2 C:\xampp1\htdocs\codeigniter4-CodeIgniter4-202f41a\system\CodeIgniter.php(419): CodeIgniter\CodeIgniter->runController(Object(App\Controllers\Register))
#3 C:\xampp1\htdocs\codeigniter4-CodeIgniter4-202f41a\system\CodeIgniter.php(326): CodeIgniter\CodeIgniter->handleRequest(NULL, Object(Config\Cache), false)
#4 C:\xampp1\htdocs\codeigniter4-CodeIgniter4-202f41a\public\index.php(37): CodeIgniter\CodeIgniter->run()
#5 C:\xampp1\htdocs\codeigniter4-CodeIgniter4-202f41a\system\Commands\Server\rewrite.php(43): require_once('C:\\xampp1\\htdoc...')
#6 {main}
CRITICAL - 2022-03-16 00:14:22 --> Undefined property: App\Controllers\Register::$Register_model
#0 C:\xampp1\htdocs\codeigniter4-CodeIgniter4-202f41a\app\Controllers\Register.php(18): CodeIgniter\Debug\Exceptions->errorHandler(2, 'Undefined prope...', 'C:\\xampp1\\htdoc...', 18)
#1 C:\xampp1\htdocs\codeigniter4-CodeIgniter4-202f41a\system\CodeIgniter.php(832): App\Controllers\Register->index()
#2 C:\xampp1\htdocs\codeigniter4-CodeIgniter4-202f41a\system\CodeIgniter.php(419): CodeIgniter\CodeIgniter->runController(Object(App\Controllers\Register))
#3 C:\xampp1\htdocs\codeigniter4-CodeIgniter4-202f41a\system\CodeIgniter.php(326): CodeIgniter\CodeIgniter->handleRequest(NULL, Object(Config\Cache), false)
#4 C:\xampp1\htdocs\codeigniter4-CodeIgniter4-202f41a\public\index.php(37): CodeIgniter\CodeIgniter->run()
#5 C:\xampp1\htdocs\codeigniter4-CodeIgniter4-202f41a\system\Commands\Server\rewrite.php(43): require_once('C:\\xampp1\\htdoc...')
#6 {main}
CRITICAL - 2022-03-16 00:18:34 --> Undefined property: App\Controllers\Register::$Register_model
#0 C:\xampp1\htdocs\codeigniter4-CodeIgniter4-202f41a\app\Controllers\Register.php(18): CodeIgniter\Debug\Exceptions->errorHandler(2, 'Undefined prope...', 'C:\\xampp1\\htdoc...', 18)
#1 C:\xampp1\htdocs\codeigniter4-CodeIgniter4-202f41a\system\CodeIgniter.php(832): App\Controllers\Register->index()
#2 C:\xampp1\htdocs\codeigniter4-CodeIgniter4-202f41a\system\CodeIgniter.php(419): CodeIgniter\CodeIgniter->runController(Object(App\Controllers\Register))
#3 C:\xampp1\htdocs\codeigniter4-CodeIgniter4-202f41a\system\CodeIgniter.php(326): CodeIgniter\CodeIgniter->handleRequest(NULL, Object(Config\Cache), false)
#4 C:\xampp1\htdocs\codeigniter4-CodeIgniter4-202f41a\public\index.php(37): CodeIgniter\CodeIgniter->run()
#5 C:\xampp1\htdocs\codeigniter4-CodeIgniter4-202f41a\system\Commands\Server\rewrite.php(43): require_once('C:\\xampp1\\htdoc...')
#6 {main}
CRITICAL - 2022-03-16 00:20:12 --> Undefined property: App\Controllers\Register::$Register_model
#0 C:\xampp1\htdocs\codeigniter4-CodeIgniter4-202f41a\app\Controllers\Register.php(18): CodeIgniter\Debug\Exceptions->errorHandler(2, 'Undefined prope...', 'C:\\xampp1\\htdoc...', 18)
#1 C:\xampp1\htdocs\codeigniter4-CodeIgniter4-202f41a\system\CodeIgniter.php(832): App\Controllers\Register->index()
#2 C:\xampp1\htdocs\codeigniter4-CodeIgniter4-202f41a\system\CodeIgniter.php(419): CodeIgniter\CodeIgniter->runController(Object(App\Controllers\Register))
#3 C:\xampp1\htdocs\codeigniter4-CodeIgniter4-202f41a\system\CodeIgniter.php(326): CodeIgniter\CodeIgniter->handleRequest(NULL, Object(Config\Cache), false)
#4 C:\xampp1\htdocs\codeigniter4-CodeIgniter4-202f41a\public\index.php(37): CodeIgniter\CodeIgniter->run()
#5 C:\xampp1\htdocs\codeigniter4-CodeIgniter4-202f41a\system\Commands\Server\rewrite.php(43): require_once('C:\\xampp1\\htdoc...')
#6 {main}
CRITICAL - 2022-03-16 00:20:13 --> Undefined property: App\Controllers\Register::$Register_model
#0 C:\xampp1\htdocs\codeigniter4-CodeIgniter4-202f41a\app\Controllers\Register.php(18): CodeIgniter\Debug\Exceptions->errorHandler(2, 'Undefined prope...', 'C:\\xampp1\\htdoc...', 18)
#1 C:\xampp1\htdocs\codeigniter4-CodeIgniter4-202f41a\system\CodeIgniter.php(832): App\Controllers\Register->index()
#2 C:\xampp1\htdocs\codeigniter4-CodeIgniter4-202f41a\system\CodeIgniter.php(419): CodeIgniter\CodeIgniter->runController(Object(App\Controllers\Register))
#3 C:\xampp1\htdocs\codeigniter4-CodeIgniter4-202f41a\system\CodeIgniter.php(326): CodeIgniter\CodeIgniter->handleRequest(NULL, Object(Config\Cache), false)
#4 C:\xampp1\htdocs\codeigniter4-CodeIgniter4-202f41a\public\index.php(37): CodeIgniter\CodeIgniter->run()
#5 C:\xampp1\htdocs\codeigniter4-CodeIgniter4-202f41a\system\Commands\Server\rewrite.php(43): require_once('C:\\xampp1\\htdoc...')
#6 {main}
CRITICAL - 2022-03-16 00:20:15 --> Undefined property: App\Controllers\Register::$Register_model
#0 C:\xampp1\htdocs\codeigniter4-CodeIgniter4-202f41a\app\Controllers\Register.php(18): CodeIgniter\Debug\Exceptions->errorHandler(2, 'Undefined prope...', 'C:\\xampp1\\htdoc...', 18)
#1 C:\xampp1\htdocs\codeigniter4-CodeIgniter4-202f41a\system\CodeIgniter.php(832): App\Controllers\Register->index()
#2 C:\xampp1\htdocs\codeigniter4-CodeIgniter4-202f41a\system\CodeIgniter.php(419): CodeIgniter\CodeIgniter->runController(Object(App\Controllers\Register))
#3 C:\xampp1\htdocs\codeigniter4-CodeIgniter4-202f41a\system\CodeIgniter.php(326): CodeIgniter\CodeIgniter->handleRequest(NULL, Object(Config\Cache), false)
#4 C:\xampp1\htdocs\codeigniter4-CodeIgniter4-202f41a\public\index.php(37): CodeIgniter\CodeIgniter->run()
#5 C:\xampp1\htdocs\codeigniter4-CodeIgniter4-202f41a\system\Commands\Server\rewrite.php(43): require_once('C:\\xampp1\\htdoc...')
#6 {main}
CRITICAL - 2022-03-16 00:20:16 --> Undefined property: App\Controllers\Register::$Register_model
#0 C:\xampp1\htdocs\codeigniter4-CodeIgniter4-202f41a\app\Controllers\Register.php(18): CodeIgniter\Debug\Exceptions->errorHandler(2, 'Undefined prope...', 'C:\\xampp1\\htdoc...', 18)
#1 C:\xampp1\htdocs\codeigniter4-CodeIgniter4-202f41a\system\CodeIgniter.php(832): App\Controllers\Register->index()
#2 C:\xampp1\htdocs\codeigniter4-CodeIgniter4-202f41a\system\CodeIgniter.php(419): CodeIgniter\CodeIgniter->runController(Object(App\Controllers\Register))
#3 C:\xampp1\htdocs\codeigniter4-CodeIgniter4-202f41a\system\CodeIgniter.php(326): CodeIgniter\CodeIgniter->handleRequest(NULL, Object(Config\Cache), false)
#4 C:\xampp1\htdocs\codeigniter4-CodeIgniter4-202f41a\public\index.php(37): CodeIgniter\CodeIgniter->run()
#5 C:\xampp1\htdocs\codeigniter4-CodeIgniter4-202f41a\system\Commands\Server\rewrite.php(43): require_once('C:\\xampp1\\htdoc...')
#6 {main}
CRITICAL - 2022-03-16 00:24:40 --> Call to undefined method App\Controllers\BaseController::construct()
#0 C:\xampp1\htdocs\codeigniter4-CodeIgniter4-202f41a\system\CodeIgniter.php(832): App\Controllers\Register->construct()
#1 C:\xampp1\htdocs\codeigniter4-CodeIgniter4-202f41a\system\CodeIgniter.php(419): CodeIgniter\CodeIgniter->runController(Object(App\Controllers\Register))
#2 C:\xampp1\htdocs\codeigniter4-CodeIgniter4-202f41a\system\CodeIgniter.php(326): CodeIgniter\CodeIgniter->handleRequest(NULL, Object(Config\Cache), false)
#3 C:\xampp1\htdocs\codeigniter4-CodeIgniter4-202f41a\public\index.php(37): CodeIgniter\CodeIgniter->run()
#4 C:\xampp1\htdocs\codeigniter4-CodeIgniter4-202f41a\system\Commands\Server\rewrite.php(43): require_once('C:\\xampp1\\htdoc...')
#5 {main}
CRITICAL - 2022-03-16 00:25:27 --> Cannot call constructor
#0 C:\xampp1\htdocs\codeigniter4-CodeIgniter4-202f41a\system\CodeIgniter.php(809): App\Controllers\Register->__construct()
#1 C:\xampp1\htdocs\codeigniter4-CodeIgniter4-202f41a\system\CodeIgniter.php(410): CodeIgniter\CodeIgniter->createController()
#2 C:\xampp1\htdocs\codeigniter4-CodeIgniter4-202f41a\system\CodeIgniter.php(326): CodeIgniter\CodeIgniter->handleRequest(NULL, Object(Config\Cache), false)
#3 C:\xampp1\htdocs\codeigniter4-CodeIgniter4-202f41a\public\index.php(37): CodeIgniter\CodeIgniter->run()
#4 C:\xampp1\htdocs\codeigniter4-CodeIgniter4-202f41a\system\Commands\Server\rewrite.php(43): require_once('C:\\xampp1\\htdoc...')
#5 {main}
CRITICAL - 2022-03-16 00:28:34 --> Undefined property: App\Controllers\Register::$load
#0 C:\xampp1\htdocs\codeigniter4-CodeIgniter4-202f41a\app\Controllers\Register.php(12): CodeIgniter\Debug\Exceptions->errorHandler(2, 'Undefined prope...', 'C:\\xampp1\\htdoc...', 12)
#1 C:\xampp1\htdocs\codeigniter4-CodeIgniter4-202f41a\system\CodeIgniter.php(809): App\Controllers\Register->__construct()
#2 C:\xampp1\htdocs\codeigniter4-CodeIgniter4-202f41a\system\CodeIgniter.php(410): CodeIgniter\CodeIgniter->createController()
#3 C:\xampp1\htdocs\codeigniter4-CodeIgniter4-202f41a\system\CodeIgniter.php(326): CodeIgniter\CodeIgniter->handleRequest(NULL, Object(Config\Cache), false)
#4 C:\xampp1\htdocs\codeigniter4-CodeIgniter4-202f41a\public\index.php(37): CodeIgniter\CodeIgniter->run()
#5 C:\xampp1\htdocs\codeigniter4-CodeIgniter4-202f41a\system\Commands\Server\rewrite.php(43): require_once('C:\\xampp1\\htdoc...')
#6 {main}
CRITICAL - 2022-03-16 00:28:48 --> Undefined property: App\Controllers\Register::$load
#0 C:\xampp1\htdocs\codeigniter4-CodeIgniter4-202f41a\app\Controllers\Register.php(13): CodeIgniter\Debug\Exceptions->errorHandler(2, 'Undefined prope...', 'C:\\xampp1\\htdoc...', 13)
#1 C:\xampp1\htdocs\codeigniter4-CodeIgniter4-202f41a\system\CodeIgniter.php(809): App\Controllers\Register->__construct()
#2 C:\xampp1\htdocs\codeigniter4-CodeIgniter4-202f41a\system\CodeIgniter.php(410): CodeIgniter\CodeIgniter->createController()
#3 C:\xampp1\htdocs\codeigniter4-CodeIgniter4-202f41a\system\CodeIgniter.php(326): CodeIgniter\CodeIgniter->handleRequest(NULL, Object(Config\Cache), false)
#4 C:\xampp1\htdocs\codeigniter4-CodeIgniter4-202f41a\public\index.php(37): CodeIgniter\CodeIgniter->run()
#5 C:\xampp1\htdocs\codeigniter4-CodeIgniter4-202f41a\system\Commands\Server\rewrite.php(43): require_once('C:\\xampp1\\htdoc...')
#6 {main}
CRITICAL - 2022-03-16 00:30:55 --> Undefined property: App\Controllers\Register::$Register_model
#0 C:\xampp1\htdocs\codeigniter4-CodeIgniter4-202f41a\app\Controllers\Register.php(18): CodeIgniter\Debug\Exceptions->errorHandler(2, 'Undefined prope...', 'C:\\xampp1\\htdoc...', 18)
#1 C:\xampp1\htdocs\codeigniter4-CodeIgniter4-202f41a\system\CodeIgniter.php(832): App\Controllers\Register->index()
#2 C:\xampp1\htdocs\codeigniter4-CodeIgniter4-202f41a\system\CodeIgniter.php(419): CodeIgniter\CodeIgniter->runController(Object(App\Controllers\Register))
#3 C:\xampp1\htdocs\codeigniter4-CodeIgniter4-202f41a\system\CodeIgniter.php(326): CodeIgniter\CodeIgniter->handleRequest(NULL, Object(Config\Cache), false)
#4 C:\xampp1\htdocs\codeigniter4-CodeIgniter4-202f41a\public\index.php(37): CodeIgniter\CodeIgniter->run()
#5 C:\xampp1\htdocs\codeigniter4-CodeIgniter4-202f41a\system\Commands\Server\rewrite.php(43): require_once('C:\\xampp1\\htdoc...')
#6 {main}
CRITICAL - 2022-03-16 02:29:03 --> Undefined property: App\Controllers\Register::$load
#0 C:\xampp1\htdocs\codeigniter4-CodeIgniter4-202f41a\app\Controllers\Register.php(13): CodeIgniter\Debug\Exceptions->errorHandler(2, 'Undefined prope...', 'C:\\xampp1\\htdoc...', 13)
#1 C:\xampp1\htdocs\codeigniter4-CodeIgniter4-202f41a\system\CodeIgniter.php(809): App\Controllers\Register->__construct()
#2 C:\xampp1\htdocs\codeigniter4-CodeIgniter4-202f41a\system\CodeIgniter.php(410): CodeIgniter\CodeIgniter->createController()
#3 C:\xampp1\htdocs\codeigniter4-CodeIgniter4-202f41a\system\CodeIgniter.php(326): CodeIgniter\CodeIgniter->handleRequest(NULL, Object(Config\Cache), false)
#4 C:\xampp1\htdocs\codeigniter4-CodeIgniter4-202f41a\public\index.php(37): CodeIgniter\CodeIgniter->run()
#5 C:\xampp1\htdocs\codeigniter4-CodeIgniter4-202f41a\system\Commands\Server\rewrite.php(43): require_once('C:\\xampp1\\htdoc...')
#6 {main}
